2024-03-05T11:15:15.011+0900 TRACE new rational : [0/1]
2024-03-05T11:15:15.012+0900 TRACE new rational : [0/1]
2024-03-05T11:15:15.013+0900 TRACE new rational : [0/1]
2024-03-05T11:15:15.035+0900 TRACE new rational : [1/1]
2024-03-05T11:15:15.039+0900 TRACE new rational : [1/1]
2024-03-05T11:15:15.039+0900 TRACE new rational : [1/1]
2024-03-05T11:15:15.039+0900 TRACE new rational : [1/1]
2024-03-05T11:15:15.066+0900 TRACE new rational : [0/1]
2024-03-05T11:15:15.066+0900 TRACE new rational : [2147483647/1]
2024-03-05T11:15:15.066+0900 TRACE new rational : [0/1]
2024-03-05T11:15:15.066+0900 TRACE new rational : [2147483647/1]
2024-03-05T11:15:15.066+0900 TRACE new rational : [0/1]
2024-03-05T11:15:15.066+0900 TRACE new rational : [0/1]
2024-03-05T11:15:15.066+0900 TRACE new rational : [1/1]
2024-03-05T11:15:15.066+0900 TRACE new rational : [2147483647/1]
2024-03-05T11:15:15.066+0900 TRACE new rational : [2147483647/1]
2024-03-05T11:15:15.066+0900 TRACE new rational : [2147483647/1]
2024-03-05T11:15:15.067+0900 TRACE new rational : [1/1]
2024-03-05T11:15:15.067+0900 TRACE new rational : [2147483647/1]
2024-03-05T11:15:15.067+0900 TRACE new rational : [-1/1]
2024-03-05T11:15:15.067+0900 TRACE new rational : [2147483647/1]
2024-03-05T11:15:15.067+0900 TRACE new rational : [-2147483647/1]
2024-03-05T11:15:15.067+0900 TRACE new rational : [2147483647/1]
2024-03-05T11:15:15.067+0900 TRACE new rational : [-1/1]
2024-03-05T11:15:15.067+0900 TRACE new rational : [-2147483647/1]
2024-03-05T11:15:15.068+0900 TRACE new rational : [2147483647/1]
2024-03-05T11:15:15.068+0900 TRACE new rational : [1/1]
2024-03-05T11:15:15.068+0900 TRACE new rational : [-2147483647/1]
2024-03-05T11:15:15.068+0900 TRACE new rational : [1/1]
2024-03-05T11:15:15.068+0900 TRACE new rational : [2147483646/1]
2024-03-05T11:15:15.068+0900 TRACE new rational : [1227133512/1]
2024-03-05T11:15:15.082+0900 TRACE new rational : [-2147483648/1]
2024-03-05T11:15:15.083+0900 TRACE new rational : [2147483647/1]
2024-03-05T11:15:15.083+0900 TRACE new rational : [1/1]
2024-03-05T11:15:15.084+0900 TRACE new rational : [-1/1]
2024-03-05T11:15:15.084+0900 TRACE new rational : [0/1]
2024-03-05T11:18:06.439+0900 TRACE new Rational : [0/1]
2024-03-05T11:18:06.440+0900 TRACE new Rational : [0/1]
2024-03-05T11:18:06.441+0900 TRACE new Rational : [0/1]
2024-03-05T11:18:06.460+0900 TRACE new Rational : [1/1]
2024-03-05T11:18:06.464+0900 TRACE new Rational : [1/1]
2024-03-05T11:18:06.464+0900 TRACE new Rational : [1/1]
2024-03-05T11:18:06.464+0900 TRACE new Rational : [1/1]
2024-03-05T11:18:06.490+0900 TRACE new Rational : [0/1]
2024-03-05T11:18:06.490+0900 TRACE new Rational : [2147483647/1]
2024-03-05T11:18:06.490+0900 TRACE new Rational : [0/1]
2024-03-05T11:18:06.491+0900 TRACE new Rational : [2147483647/1]
2024-03-05T11:18:06.491+0900 TRACE new Rational : [0/1]
2024-03-05T11:18:06.491+0900 TRACE new Rational : [0/1]
2024-03-05T11:18:06.491+0900 TRACE new Rational : [1/1]
2024-03-05T11:18:06.491+0900 TRACE new Rational : [2147483647/1]
2024-03-05T11:18:06.491+0900 TRACE new Rational : [2147483647/1]
2024-03-05T11:18:06.492+0900 TRACE new Rational : [2147483647/1]
2024-03-05T11:18:06.492+0900 TRACE new Rational : [1/1]
2024-03-05T11:18:06.492+0900 TRACE new Rational : [2147483647/1]
2024-03-05T11:18:06.492+0900 TRACE new Rational : [-1/1]
2024-03-05T11:18:06.492+0900 TRACE new Rational : [2147483647/1]
2024-03-05T11:18:06.492+0900 TRACE new Rational : [-2147483647/1]
2024-03-05T11:18:06.492+0900 TRACE new Rational : [2147483647/1]
2024-03-05T11:18:06.492+0900 TRACE new Rational : [-1/1]
2024-03-05T11:18:06.492+0900 TRACE new Rational : [-2147483647/1]
2024-03-05T11:18:06.492+0900 TRACE new Rational : [2147483647/1]
2024-03-05T11:18:06.492+0900 TRACE new Rational : [1/1]
2024-03-05T11:18:06.492+0900 TRACE new Rational : [-2147483647/1]
2024-03-05T11:18:06.492+0900 TRACE new Rational : [1/1]
2024-03-05T11:18:06.492+0900 TRACE new Rational : [2147483646/1]
2024-03-05T11:18:06.493+0900 TRACE new Rational : [1227133512/1]
2024-03-05T11:18:06.509+0900 TRACE new Rational : [-2147483648/1]
2024-03-05T11:18:06.509+0900 TRACE new Rational : [2147483647/1]
2024-03-05T11:18:06.510+0900 TRACE new Rational : [1/1]
2024-03-05T11:18:06.513+0900 TRACE new Rational : [-1/1]
2024-03-05T11:18:06.513+0900 TRACE new Rational : [0/1]
2024-03-05T11:22:55.746+0900 TRACE new rational : [0/1]
2024-03-05T11:22:55.747+0900 TRACE new rational : [0/1]
2024-03-05T11:22:55.747+0900 TRACE new rational : [0/1]
2024-03-05T11:22:55.769+0900 TRACE new rational : [1/1]
2024-03-05T11:22:55.773+0900 TRACE new rational : [1/1]
2024-03-05T11:22:55.773+0900 TRACE new rational : [1/1]
2024-03-05T11:22:55.773+0900 TRACE new rational : [1/1]
2024-03-05T11:22:55.792+0900 TRACE new rational : [0/1]
2024-03-05T11:22:55.792+0900 TRACE new rational : [2147483647/1]
2024-03-05T11:22:55.793+0900 TRACE new rational : [0/1]
2024-03-05T11:22:55.793+0900 TRACE new rational : [2147483647/1]
2024-03-05T11:22:55.793+0900 TRACE new rational : [0/1]
2024-03-05T11:22:55.793+0900 TRACE new rational : [0/1]
2024-03-05T11:22:55.793+0900 TRACE new rational : [1/1]
2024-03-05T11:22:55.793+0900 TRACE new rational : [2147483647/1]
2024-03-05T11:22:55.793+0900 TRACE new rational : [2147483647/1]
2024-03-05T11:22:55.793+0900 TRACE new rational : [2147483647/1]
2024-03-05T11:22:55.793+0900 TRACE new rational : [1/1]
2024-03-05T11:22:55.793+0900 TRACE new rational : [2147483647/1]
2024-03-05T11:22:55.793+0900 TRACE new rational : [-1/1]
2024-03-05T11:22:55.793+0900 TRACE new rational : [2147483647/1]
2024-03-05T11:22:55.793+0900 TRACE new rational : [-2147483647/1]
2024-03-05T11:22:55.794+0900 TRACE new rational : [2147483647/1]
2024-03-05T11:22:55.794+0900 TRACE new rational : [-1/1]
2024-03-05T11:22:55.794+0900 TRACE new rational : [-2147483647/1]
2024-03-05T11:22:55.794+0900 TRACE new rational : [2147483647/1]
2024-03-05T11:22:55.794+0900 TRACE new rational : [1/1]
2024-03-05T11:22:55.794+0900 TRACE new rational : [-2147483647/1]
2024-03-05T11:22:55.794+0900 TRACE new rational : [1/1]
2024-03-05T11:22:55.794+0900 TRACE new rational : [2147483646/1]
2024-03-05T11:22:55.794+0900 TRACE new rational : [1227133512/1]
2024-03-05T11:22:55.804+0900 TRACE new rational : [-2147483648/1]
2024-03-05T11:22:55.805+0900 TRACE new rational : [2147483647/1]
2024-03-05T11:22:55.805+0900 TRACE new rational : [1/1]
2024-03-05T11:22:55.806+0900 TRACE new rational : [-1/1]
2024-03-05T11:22:55.806+0900 TRACE new rational : [0/1]
2024-03-05T11:24:09.238+0900 TRACE new rational : [0/1]
2024-03-05T11:24:09.239+0900 TRACE new rational : [0/1]
2024-03-05T11:24:09.239+0900 TRACE new rational : [2/3]
2024-03-05T11:24:09.239+0900 TRACE new rational : [0/1]
2024-03-05T11:24:09.239+0900 TRACE new rational : [2/3]
2024-03-05T11:24:09.239+0900 TRACE new rational : [0/2]
2024-03-05T11:24:09.259+0900 TRACE new rational : [0/2]
2024-03-05T11:24:09.259+0900 TRACE new rational : [1/2]
2024-03-05T11:24:09.259+0900 TRACE new rational : [1/2]
2024-03-05T11:24:09.259+0900 TRACE new rational : [1/2]
2024-03-05T11:24:09.259+0900 TRACE new rational : [-1/2]
2024-03-05T11:24:09.259+0900 TRACE new rational : [0/1]
2024-03-05T11:24:09.259+0900 TRACE new rational : [1/2]
2024-03-05T11:24:09.259+0900 TRACE new rational : [1/2]
2024-03-05T11:24:09.259+0900 TRACE new rational : [1/1]
2024-03-05T11:24:09.260+0900 TRACE new rational : [1/2]
2024-03-05T11:24:09.262+0900 TRACE new rational : [0/1]
2024-03-05T11:24:09.262+0900 TRACE new rational : [1/1]
2024-03-05T11:24:09.263+0900 TRACE new rational : [0/2]
2024-03-05T11:24:09.263+0900 TRACE new rational : [1/2]
2024-03-05T11:24:09.263+0900 TRACE new rational : [-1/2]
2024-03-05T11:24:09.263+0900 TRACE new rational : [0/2]
2024-03-05T11:24:09.263+0900 TRACE new rational : [1/-2]
2024-03-05T11:24:09.264+0900 TRACE new rational : [1/2]
2024-03-05T11:24:09.264+0900 TRACE new rational : [1/2147483647]
2024-03-05T11:24:09.264+0900 TRACE new rational : [1/1]
2024-03-05T11:24:09.264+0900 TRACE new rational : [-2147483646/2147483647]
2024-03-05T11:24:09.264+0900 TRACE new rational : [1/1]
2024-03-05T11:24:09.264+0900 TRACE new rational : [1/2147483647]
2024-03-05T11:24:09.264+0900 TRACE new rational : [2147483646/2147483647]
2024-03-05T11:24:09.264+0900 TRACE new rational : [3/2]
2024-03-05T11:24:09.264+0900 TRACE new rational : [1/2]
2024-03-05T11:24:09.264+0900 TRACE new rational : [1/1]
2024-03-05T11:24:09.265+0900 TRACE new rational : [-1/2]
2024-03-05T11:24:09.266+0900 TRACE new rational : [1/2]
2024-03-05T11:24:09.266+0900 TRACE new rational : [-2147483646/2147483647]
2024-03-05T11:24:09.267+0900 TRACE new rational : [2147483646/2147483647]
2024-03-05T11:24:09.268+0900 TRACE new rational : [1/1]
2024-03-05T11:24:09.270+0900 TRACE new rational : [0/2147483647]
2024-03-05T11:24:09.271+0900 TRACE new rational : [0/-2147483648]
2024-03-05T11:24:09.272+0900 TRACE new rational : [2147483647/2147483647]
2024-03-05T11:24:09.273+0900 TRACE new rational : [-2147483648/-2147483648]
2024-03-05T11:24:09.273+0900 TRACE new rational : [1/2]
2024-03-05T11:24:09.274+0900 TRACE new rational : [-1/2]
2024-03-05T11:24:09.274+0900 TRACE new rational : [2/4]
2024-03-05T11:24:09.275+0900 TRACE new rational : [2/-4]
2024-03-05T11:24:09.276+0900 TRACE new rational : [-2/4]
2024-03-05T11:24:09.276+0900 TRACE new rational : [-2/-4]
2024-03-05T11:24:09.277+0900 TRACE new rational : [1/2]
2024-03-05T11:24:09.277+0900 TRACE new rational : [2/1]
2024-03-05T11:24:09.278+0900 TRACE new rational : [2/4]
2024-03-05T11:24:09.278+0900 TRACE new rational : [2/1]
2024-03-05T11:24:09.278+0900 TRACE new rational : [2147483647/2147483647]
2024-03-05T11:24:09.279+0900 TRACE new rational : [1/1]
2024-03-05T11:24:09.279+0900 TRACE new rational : [-2147483648/-2147483648]
2024-03-05T11:24:09.279+0900 TRACE new rational : [1/1]
2024-03-05T11:24:09.280+0900 TRACE new rational : [1/-2147483647]
2024-03-05T11:24:09.280+0900 TRACE new rational : [2147483647/-1]
2024-03-05T11:24:09.281+0900 TRACE new rational : [1/2]
2024-03-05T11:24:09.282+0900 TRACE new rational : [2/4]
2024-03-05T11:24:09.282+0900 TRACE new rational : [2147483647/2147483647]
2024-03-05T11:24:09.283+0900 TRACE new rational : [-2147483648/-2147483648]
2024-03-05T11:24:09.284+0900 TRACE new rational : [1/-2147483647]
2024-03-05T11:24:09.284+0900 TRACE new rational : [2/3]
2024-03-05T11:24:09.284+0900 TRACE new rational : [3/2]
2024-03-05T11:24:09.285+0900 TRACE new rational : [4/9]
2024-03-05T11:24:09.285+0900 TRACE new rational : [2/3]
2024-03-05T11:24:09.285+0900 TRACE new rational : [4/9]
2024-03-05T11:24:09.286+0900 TRACE new rational : [0/1]
2024-03-05T11:24:09.286+0900 TRACE new rational : [2147483647/1]
2024-03-05T11:24:09.286+0900 TRACE new rational : [0/1]
2024-03-05T11:24:09.286+0900 TRACE new rational : [2147483647/1]
2024-03-05T11:24:09.286+0900 TRACE new rational : [0/1]
2024-03-05T11:24:09.286+0900 TRACE new rational : [0/1]
2024-03-05T11:24:09.286+0900 TRACE new rational : [1/1]
2024-03-05T11:24:09.286+0900 TRACE new rational : [2147483647/1]
2024-03-05T11:24:09.286+0900 TRACE new rational : [2147483647/1]
2024-03-05T11:24:09.286+0900 TRACE new rational : [2147483647/1]
2024-03-05T11:24:09.286+0900 TRACE new rational : [1/1]
2024-03-05T11:24:09.286+0900 TRACE new rational : [2147483647/1]
2024-03-05T11:24:09.286+0900 TRACE new rational : [-1/1]
2024-03-05T11:24:09.286+0900 TRACE new rational : [2147483647/1]
2024-03-05T11:24:09.287+0900 TRACE new rational : [-2147483647/1]
2024-03-05T11:24:09.287+0900 TRACE new rational : [2147483647/1]
2024-03-05T11:24:09.287+0900 TRACE new rational : [-1/1]
2024-03-05T11:24:09.287+0900 TRACE new rational : [-2147483647/1]
2024-03-05T11:24:09.287+0900 TRACE new rational : [1/2147483647]
2024-03-05T11:24:09.287+0900 TRACE new rational : [2147483647/1]
2024-03-05T11:24:09.287+0900 TRACE new rational : [1/1]
2024-03-05T11:24:09.287+0900 TRACE new rational : [-1/2147483647]
2024-03-05T11:24:09.287+0900 TRACE new rational : [-2147483647/1]
2024-03-05T11:24:09.287+0900 TRACE new rational : [1/1]
2024-03-05T11:24:09.287+0900 TRACE new rational : [2147483646/1]
2024-03-05T11:24:09.287+0900 TRACE new rational : [4/7]
2024-03-05T11:24:09.287+0900 TRACE new rational : [1227133512/1]
2024-03-05T11:24:09.288+0900 TRACE new rational : [0/1]
2024-03-05T11:24:09.288+0900 TRACE new rational : [0/1]
2024-03-05T11:24:09.289+0900 TRACE new rational : [2147483647/1]
2024-03-05T11:24:09.290+0900 TRACE new rational : [2147483647/1]
2024-03-05T11:24:09.290+0900 TRACE new rational : [-2147483647/1]
2024-03-05T11:24:09.291+0900 TRACE new rational : [-2147483647/1]
2024-03-05T11:24:09.291+0900 TRACE new rational : [1/1]
2024-03-05T11:24:09.292+0900 TRACE new rational : [1/1]
2024-03-05T11:24:09.292+0900 TRACE new rational : [1227133512/1]
2024-03-05T11:24:09.294+0900 TRACE new rational : [0/-2147483648]
2024-03-05T11:24:09.295+0900 TRACE new rational : [0/2147483647]
2024-03-05T11:24:09.296+0900 TRACE new rational : [-2147483648/-2147483648]
2024-03-05T11:24:09.296+0900 TRACE new rational : [2147483647/2147483647]
2024-03-05T11:24:09.297+0900 TRACE new rational : [-2147483648/1]
2024-03-05T11:24:09.297+0900 TRACE new rational : [2147483647/1]
2024-03-05T11:24:09.298+0900 TRACE new rational : [2147483647/-1]
2024-03-05T11:24:09.299+0900 TRACE new rational : [-2147483648/1]
2024-03-05T11:24:09.299+0900 TRACE new rational : [2147483647/1]
2024-03-05T11:24:09.300+0900 TRACE new rational : [1/1]
2024-03-05T11:24:09.300+0900 TRACE new rational : [-1/1]
2024-03-05T11:24:09.301+0900 TRACE new rational : [0/1]
